0 info it worked if it ends with ok
1 verbose cli [ '/home/java/.nvm/versions/node/v6.11.4/bin/node',
1 verbose cli   '/home/java/.nvm/versions/node/v6.11.4/lib/node_modules/npm/bin/npm-cli.js',
1 verbose cli   'run',
1 verbose cli   'build',
1 verbose cli   '--scripts-prepend-node-path=auto' ]
2 info using npm@3.10.10
3 info using node@v6.11.4
4 verbose run-script [ 'prebuild', 'build', 'postbuild' ]
5 info lifecycle complexity-app@1.0.0~prebuild: complexity-app@1.0.0
6 silly lifecycle complexity-app@1.0.0~prebuild: no script for prebuild, continuing
7 info lifecycle complexity-app@1.0.0~build: complexity-app@1.0.0
8 verbose lifecycle complexity-app@1.0.0~build: unsafe-perm in lifecycle true
9 verbose lifecycle complexity-app@1.0.0~build: PATH: /home/java/.nvm/versions/node/v6.11.4/lib/node_modules/npm/bin/node-gyp-bin:/home/java/Documents/complexity-app/node_modules/.bin:/home/java/.nvm/versions/node/v6.11.4/bin:/home/java/torch/install/bin:/usr/local/sbin:/usr/local/bin:/usr/sbin:/usr/bin:/sbin:/bin:/usr/games:/usr/local/games
10 verbose lifecycle complexity-app@1.0.0~build: CWD: /home/java/Documents/complexity-app
11 silly lifecycle complexity-app@1.0.0~build: Args: [ '-c',
11 silly lifecycle   'cd client && ng build --prod && cd .. && node index.js' ]
12 silly lifecycle complexity-app@1.0.0~build: Returned: code: 1  signal: null
13 info lifecycle complexity-app@1.0.0~build: Failed to exec build script
14 verbose stack Error: complexity-app@1.0.0 build: `cd client && ng build --prod && cd .. && node index.js`
14 verbose stack Exit status 1
14 verbose stack     at EventEmitter.<anonymous> (/home/java/.nvm/versions/node/v6.11.4/lib/node_modules/npm/lib/utils/lifecycle.js:255:16)
14 verbose stack     at emitTwo (events.js:106:13)
14 verbose stack     at EventEmitter.emit (events.js:191:7)
14 verbose stack     at ChildProcess.<anonymous> (/home/java/.nvm/versions/node/v6.11.4/lib/node_modules/npm/lib/utils/spawn.js:40:14)
14 verbose stack     at emitTwo (events.js:106:13)
14 verbose stack     at ChildProcess.emit (events.js:191:7)
14 verbose stack     at maybeClose (internal/child_process.js:920:16)
14 verbose stack     at Process.ChildProcess._handle.onexit (internal/child_process.js:230:5)
15 verbose pkgid complexity-app@1.0.0
16 verbose cwd /home/java/Documents/complexity-app
17 error Linux 3.13.0-135-generic
18 error argv "/home/java/.nvm/versions/node/v6.11.4/bin/node" "/home/java/.nvm/versions/node/v6.11.4/lib/node_modules/npm/bin/npm-cli.js" "run" "build" "--scripts-prepend-node-path=auto"
19 error node v6.11.4
20 error npm  v3.10.10
21 error code ELIFECYCLE
22 error complexity-app@1.0.0 build: `cd client && ng build --prod && cd .. && node index.js`
22 error Exit status 1
23 error Failed at the complexity-app@1.0.0 build script 'cd client && ng build --prod && cd .. && node index.js'.
23 error Make sure you have the latest version of node.js and npm installed.
23 error If you do, this is most likely a problem with the complexity-app package,
23 error not with npm itself.
23 error Tell the author that this fails on your system:
23 error     cd client && ng build --prod && cd .. && node index.js
23 error You can get information on how to open an issue for this project with:
23 error     npm bugs complexity-app
23 error Or if that isn't available, you can get their info via:
23 error     npm owner ls complexity-app
23 error There is likely additional logging output above.
24 verbose exit [ 1, true ]
